TeamCode/build/intermediates/manifest_merge_blame_file/debug/processDebugMainManifest/manifest-merger-blame-debug-report.txt
1<?xml version="1.0" encoding="utf-8"?>
2<!--
3 Note: the actual manifest file used in your APK merges this file with
4  contributions from the modules on which your app depends (such as FtcRobotController,
5  etc). So it won't ultimately be as empty as it might here appear to be :-)
6-->
7<!--
8 The package name here determines the package for your R class and your
9  BuildConfig class
10-->
11<manifest xmlns:android="http://schemas.android.com/apk/res/android"
12    package="com.qualcomm.ftcrobotcontroller"
13    android:versionCode="58"
14    android:versionName="10.2" >
15
16    <uses-sdk
17        android:minSdkVersion="24"
18        android:targetSdkVersion="28" />
19
20    <uses-permission android:name="android.permission.RECEIVE_BOOT_COMPLETED" />
20-->[:FtcRobotController] AndroidManifest.xml:10:5-81
20-->[:FtcRobotController] AndroidManifest.xml:10:22-78
21    <uses-permission
21-->[org.firstinspires.ftc:Blocks:10.2.0] AndroidManifest.xml:9:5-11:35
22        android:name="android.permission.WRITE_EXTERNAL_STORAGE"
22-->[org.firstinspires.ftc:Blocks:10.2.0] AndroidManifest.xml:10:9-65
23        android:required="true" />
23-->[org.firstinspires.ftc:Blocks:10.2.0] AndroidManifest.xml:11:9-32
24    <uses-permission
24-->[org.firstinspires.ftc:Blocks:10.2.0] AndroidManifest.xml:12:5-14:35
25        android:name="android.permission.READ_EXTERNAL_STORAGE"
25-->[org.firstinspires.ftc:Blocks:10.2.0] AndroidManifest.xml:13:9-64
26        android:required="true" />
26-->[org.firstinspires.ftc:Blocks:10.2.0] AndroidManifest.xml:14:9-32
27    <uses-permission
27-->[org.firstinspires.ftc:FtcCommon:10.2.0] AndroidManifest.xml:10:5-76
28        android:name="android.permission.ACCESS_WIFI_STATE"
28-->[org.firstinspires.ftc:FtcCommon:10.2.0] AndroidManifest.xml:10:22-73
29        android:required="true" />
29-->[org.firstinspires.ftc:RobotCore:10.2.0] AndroidManifest.xml:11:9-32
30    <uses-permission
30-->[org.firstinspires.ftc:FtcCommon:10.2.0] AndroidManifest.xml:17:5-19:35
31        android:name="android.permission.WRITE_SETTINGS"
31-->[org.firstinspires.ftc:FtcCommon:10.2.0] AndroidManifest.xml:18:9-57
32        android:required="true" />
32-->[org.firstinspires.ftc:FtcCommon:10.2.0] AndroidManifest.xml:19:9-32
33    <uses-permission android:name="android.permission.BLUETOOTH_ADMIN" />
33-->[org.firstinspires.ftc:Inspection:10.2.0] AndroidManifest.xml:10:5-74
33-->[org.firstinspires.ftc:Inspection:10.2.0] AndroidManifest.xml:10:22-71
34    <uses-permission
34-->[org.firstinspires.ftc:Inspection:10.2.0] AndroidManifest.xml:11:5-76
35        android:name="android.permission.CHANGE_WIFI_STATE"
35-->[org.firstinspires.ftc:Inspection:10.2.0] AndroidManifest.xml:11:22-73
36        android:required="true" />
36-->[org.firstinspires.ftc:RobotCore:10.2.0] AndroidManifest.xml:14:9-32
37    <uses-permission
37-->[org.firstinspires.ftc:Inspection:10.2.0] AndroidManifest.xml:12:5-79
38        android:name="android.permission.CHANGE_NETWORK_STATE"
38-->[org.firstinspires.ftc:Inspection:10.2.0] AndroidManifest.xml:12:22-76
39        android:required="true" />
39-->[org.firstinspires.ftc:RobotCore:10.2.0] AndroidManifest.xml:20:9-32
40    <uses-permission
40-->[org.firstinspires.ftc:Inspection:10.2.0] AndroidManifest.xml:13:5-67
41        android:name="android.permission.INTERNET"
41-->[org.firstinspires.ftc:Inspection:10.2.0] AndroidManifest.xml:13:22-64
42        android:required="true" />
42-->[org.firstinspires.ftc:RobotCore:10.2.0] AndroidManifest.xml:23:9-32
43    <uses-permission
43-->[org.firstinspires.ftc:Inspection:10.2.0] AndroidManifest.xml:14:5-79
44        android:name="android.permission.ACCESS_NETWORK_STATE"
44-->[org.firstinspires.ftc:Inspection:10.2.0] AndroidManifest.xml:14:22-76
45        android:required="true" />
45-->[org.firstinspires.ftc:RobotCore:10.2.0] AndroidManifest.xml:17:9-32
46    <uses-permission android:name="android.permission.BLUETOOTH" /> <!-- see AppUtil.setTimeZone() -->
46-->[org.firstinspires.ftc:Inspection:10.2.0] AndroidManifest.xml:15:5-68
46-->[org.firstinspires.ftc:Inspection:10.2.0] AndroidManifest.xml:15:22-65
47    <uses-permission
47-->[org.firstinspires.ftc:RobotCore:10.2.0] AndroidManifest.xml:40:5-42:35
48        android:name="android.permission.SET_TIME_ZONE"
48-->[org.firstinspires.ftc:RobotCore:10.2.0] AndroidManifest.xml:41:9-56
49        android:required="true" />
49-->[org.firstinspires.ftc:RobotCore:10.2.0] AndroidManifest.xml:42:9-32
50    <!--
51  Note: we suspect that this (android.permission.WAKE_LOCK) is no
52  longer needed, but haven't yet found the time necessary to verify
53  that assertion before removing it
54    -->
55    <uses-permission
55-->[org.firstinspires.ftc:RobotCore:10.2.0] AndroidManifest.xml:49:5-51:35
56        android:name="android.permission.WAKE_LOCK"
56-->[org.firstinspires.ftc:RobotCore:10.2.0] AndroidManifest.xml:50:9-52
57        android:required="true" />
57-->[org.firstinspires.ftc:RobotCore:10.2.0] AndroidManifest.xml:51:9-32
58    <uses-permission android:name="android.permission.CAMERA" />
58-->[org.firstinspires.ftc:RobotCore:10.2.0] AndroidManifest.xml:52:5-65
58-->[org.firstinspires.ftc:RobotCore:10.2.0] AndroidManifest.xml:52:22-62
59    <uses-permission
59-->[org.firstinspires.ftc:RobotCore:10.2.0] AndroidManifest.xml:53:5-55:35
60        android:name="android.permission.ACCESS_COARSE_LOCATION"
60-->[org.firstinspires.ftc:RobotCore:10.2.0] AndroidManifest.xml:54:9-65
61        android:required="true" />
61-->[org.firstinspires.ftc:RobotCore:10.2.0] AndroidManifest.xml:55:9-32
62    <uses-permission
62-->[org.firstinspires.ftc:RobotCore:10.2.0] AndroidManifest.xml:56:5-58:35
63        android:name="android.permission.ACCESS_FINE_LOCATION"
63-->[org.firstinspires.ftc:RobotCore:10.2.0] AndroidManifest.xml:57:9-63
64        android:required="true" />
64-->[org.firstinspires.ftc:RobotCore:10.2.0] AndroidManifest.xml:58:9-32
65    <uses-permission
65-->[org.firstinspires.ftc:RobotCore:10.2.0] AndroidManifest.xml:59:5-61:35
66        android:name="android.permission.READ_PHONE_STATE"
66-->[org.firstinspires.ftc:RobotCore:10.2.0] AndroidManifest.xml:60:9-59
67        android:required="true" />
67-->[org.firstinspires.ftc:RobotCore:10.2.0] AndroidManifest.xml:61:9-32
68    <uses-permission
68-->[org.firstinspires.ftc:RobotCore:10.2.0] AndroidManifest.xml:64:5-66:35
69        android:name="com.revrobotics.permission.UPDATE_CONTROL_HUB"
69-->[org.firstinspires.ftc:RobotCore:10.2.0] AndroidManifest.xml:65:9-69
70        android:required="true" />
70-->[org.firstinspires.ftc:RobotCore:10.2.0] AndroidManifest.xml:66:9-32
71
72    <uses-feature android:name="android.hardware.usb.accessory" />
72-->[org.firstinspires.ftc:RobotCore:10.2.0] AndroidManifest.xml:68:5-67
72-->[org.firstinspires.ftc:RobotCore:10.2.0] AndroidManifest.xml:68:19-64
73    <uses-feature android:glEsVersion="0x00020000" />
73-->[org.firstinspires.ftc:RobotCore:10.2.0] AndroidManifest.xml:69:5-54
73-->[org.firstinspires.ftc:RobotCore:10.2.0] AndroidManifest.xml:69:19-51
74    <!--
75        NOTE: Any application that requests the CAMERA permission but does not
76        declare any camera features with the <uses-feature> element will be
77        assumed to use all camera features (auto-focus and flash). Thus, the
78        application will not be compatible with devices that do not support
79        all camera features. We use <uses-feature> to declare only the
80        camera features that our application does need. For instance, if you
81        request the CAMERA permission, but you do not need auto-focus or
82        flash, then declare only the android.hardware.camera feature. The
83        other camera features that you do not request will no longer be
84        assumed as required.
85    -->
86    <uses-feature android:name="android.hardware.camera" />
86-->[org.firstinspires.ftc:RobotCore:10.2.0] AndroidManifest.xml:83:5-60
86-->[org.firstinspires.ftc:RobotCore:10.2.0] AndroidManifest.xml:83:19-57
87    <uses-feature
87-->[com.journeyapps:zxing-android-embedded:4.3.0] AndroidManifest.xml:28:5-30:36
88        android:name="android.hardware.camera.front"
88-->[com.journeyapps:zxing-android-embedded:4.3.0] AndroidManifest.xml:29:9-53
89        android:required="false" /> <!-- TODO replace above two with next line after Android 4.2 -->
89-->[com.journeyapps:zxing-android-embedded:4.3.0] AndroidManifest.xml:30:9-33
90    <!-- <uses-feature android:name="android.hardware.camera.any"/> -->
91    <uses-feature
91-->[com.journeyapps:zxing-android-embedded:4.3.0] AndroidManifest.xml:33:5-35:36
92        android:name="android.hardware.camera.autofocus"
92-->[com.journeyapps:zxing-android-embedded:4.3.0] AndroidManifest.xml:34:9-57
93        android:required="false" />
93-->[com.journeyapps:zxing-android-embedded:4.3.0] AndroidManifest.xml:35:9-33
94    <uses-feature
94-->[com.journeyapps:zxing-android-embedded:4.3.0] AndroidManifest.xml:36:5-38:36
95        android:name="android.hardware.camera.flash"
95-->[com.journeyapps:zxing-android-embedded:4.3.0] AndroidManifest.xml:37:9-53
96        android:required="false" />
96-->[com.journeyapps:zxing-android-embedded:4.3.0] AndroidManifest.xml:38:9-33
97    <uses-feature
97-->[com.journeyapps:zxing-android-embedded:4.3.0] AndroidManifest.xml:39:5-41:36
98        android:name="android.hardware.screen.landscape"
98-->[com.journeyapps:zxing-android-embedded:4.3.0] AndroidManifest.xml:40:9-57
99        android:required="false" />
99-->[com.journeyapps:zxing-android-embedded:4.3.0] AndroidManifest.xml:41:9-33
100    <uses-feature
100-->[com.journeyapps:zxing-android-embedded:4.3.0] AndroidManifest.xml:42:5-44:36
101        android:name="android.hardware.wifi"
101-->[com.journeyapps:zxing-android-embedded:4.3.0] AndroidManifest.xml:43:9-45
102        android:required="false" />
102-->[com.journeyapps:zxing-android-embedded:4.3.0] AndroidManifest.xml:44:9-33
103
104    <permission
104-->[androidx.core:core:1.9.0] AndroidManifest.xml:22:5-24:47
105        android:name="com.qualcomm.ftcrobotcontroller.DYNAMIC_RECEIVER_NOT_EXPORTED_PERMISSION"
105-->[androidx.core:core:1.9.0] AndroidManifest.xml:23:9-81
106        android:protectionLevel="signature" />
106-->[androidx.core:core:1.9.0] AndroidManifest.xml:24:9-44
107
108    <uses-permission android:name="com.qualcomm.ftcrobotcontroller.DYNAMIC_RECEIVER_NOT_EXPORTED_PERMISSION" />
108-->[androidx.core:core:1.9.0] AndroidManifest.xml:26:5-97
108-->[androidx.core:core:1.9.0] AndroidManifest.xml:26:22-94
109
110    <application
110-->src/main/AndroidManifest.xml:11:3-18
111        android:name="org.firstinspires.ftc.robotcore.internal.system.RobotApplication"
111-->[org.firstinspires.ftc:RobotCore:10.2.0] AndroidManifest.xml:85:18-97
112        android:allowBackup="true"
112-->[:FtcRobotController] AndroidManifest.xml:13:9-35
113        android:appComponentFactory="androidx.core.app.CoreComponentFactory"
113-->[androidx.core:core:1.9.0] AndroidManifest.xml:28:18-86
114        android:debuggable="true"
115        android:extractNativeLibs="true"
116        android:icon="@drawable/ic_launcher"
116-->[:FtcRobotController] AndroidManifest.xml:14:9-45
117        android:label="@string/app_name"
117-->[:FtcRobotController] AndroidManifest.xml:15:9-41
118        android:largeHeap="true"
118-->[:FtcRobotController] AndroidManifest.xml:16:9-33
119        android:theme="@style/AppThemeRedRC"
119-->[:FtcRobotController] AndroidManifest.xml:17:9-45
120        android:usesCleartextTraffic="true" > <!-- Indicates to the ControlHubUpdater what the latest version of the Control Hub is that this app supports -->
120-->[:FtcRobotController] AndroidManifest.xml:18:9-44
121        <meta-data
121-->[:FtcRobotController] AndroidManifest.xml:21:9-23:33
122            android:name="org.firstinspires.latestSupportedControlHubVersion"
122-->[:FtcRobotController] AndroidManifest.xml:22:13-78
123            android:value="1" /> <!-- The main robot controller activity -->
123-->[:FtcRobotController] AndroidManifest.xml:23:13-30
124        <activity
124-->[:FtcRobotController] AndroidManifest.xml:26:9-37:20
125            android:name="org.firstinspires.ftc.robotcontroller.internal.PermissionValidatorWrapper"
125-->[:FtcRobotController] AndroidManifest.xml:27:13-101
126            android:configChanges="orientation|screenSize"
126-->[:FtcRobotController] AndroidManifest.xml:28:13-59
127            android:label="@string/app_name"
127-->[:FtcRobotController] AndroidManifest.xml:29:13-45
128            android:launchMode="singleTask"
128-->[:FtcRobotController] AndroidManifest.xml:30:13-44
129            android:screenOrientation="fullUser" >
129-->[:FtcRobotController] AndroidManifest.xml:31:13-49
130            <intent-filter>
130-->[:FtcRobotController] AndroidManifest.xml:32:13-36:29
131                <category android:name="android.intent.category.LAUNCHER" />
131-->[:FtcRobotController] AndroidManifest.xml:33:17-77
131-->[:FtcRobotController] AndroidManifest.xml:33:27-74
132
133                <action android:name="android.intent.action.MAIN" />
133-->[:FtcRobotController] AndroidManifest.xml:35:17-69
133-->[:FtcRobotController] AndroidManifest.xml:35:25-66
134            </intent-filter>
135        </activity>
136        <activity
136-->[:FtcRobotController] AndroidManifest.xml:38:9-56:20
137            android:name="org.firstinspires.ftc.robotcontroller.internal.FtcRobotControllerActivity"
137-->[:FtcRobotController] AndroidManifest.xml:39:13-101
138            android:configChanges="orientation|screenSize"
138-->[:FtcRobotController] AndroidManifest.xml:40:13-59
139            android:label="@string/app_name"
139-->[:FtcRobotController] AndroidManifest.xml:41:13-45
140            android:launchMode="singleTask"
140-->[:FtcRobotController] AndroidManifest.xml:42:13-44
141            android:screenOrientation="fullUser" >
141-->[:FtcRobotController] AndroidManifest.xml:43:13-49
142            <intent-filter>
142-->[:FtcRobotController] AndroidManifest.xml:44:13-46:29
143                <action android:name="android.hardware.usb.action.USB_DEVICE_ATTACHED" />
143-->[:FtcRobotController] AndroidManifest.xml:45:17-90
143-->[:FtcRobotController] AndroidManifest.xml:45:25-87
144            </intent-filter>
145
146            <meta-data
146-->[:FtcRobotController] AndroidManifest.xml:48:13-50:57
147                android:name="android.hardware.usb.action.USB_DEVICE_ATTACHED"
147-->[:FtcRobotController] AndroidManifest.xml:49:17-79
148                android:resource="@xml/device_filter" />
148-->[:FtcRobotController] AndroidManifest.xml:50:17-54
149
150            <!-- org.firstinspires.main.entry indicates that this app is compatible with the Dragonboard Control Hub -->
151            <meta-data
151-->[:FtcRobotController] AndroidManifest.xml:53:13-55:40
152                android:name="org.firstinspires.main.entry"
152-->[:FtcRobotController] AndroidManifest.xml:54:17-60
153                android:value="true" />
153-->[:FtcRobotController] AndroidManifest.xml:55:17-37
154        </activity> <!-- The robot controller service in which most of the robot functionality is managed -->
155        <service
155-->[:FtcRobotController] AndroidManifest.xml:59:9-61:38
156            android:name="com.qualcomm.ftccommon.FtcRobotControllerService"
156-->[:FtcRobotController] AndroidManifest.xml:60:13-76
157            android:enabled="true" /> <!-- Assistant that autostarts the robot controller on android boot (if it's supposed to) -->
157-->[:FtcRobotController] AndroidManifest.xml:61:13-35
158        <receiver
158-->[:FtcRobotController] AndroidManifest.xml:64:9-75:20
159            android:name="org.firstinspires.ftc.ftccommon.internal.RunOnBoot"
159-->[:FtcRobotController] AndroidManifest.xml:65:13-78
160            android:enabled="true"
160-->[:FtcRobotController] AndroidManifest.xml:66:13-35
161            android:exported="true"
161-->[:FtcRobotController] AndroidManifest.xml:67:13-36
162            android:permission="android.permission.RECEIVE_BOOT_COMPLETED" >
162-->[:FtcRobotController] AndroidManifest.xml:68:13-75
163            <intent-filter>
163-->[:FtcRobotController] AndroidManifest.xml:69:13-74:29
164                <category android:name="android.intent.category.DEFAULT" />
164-->[:FtcRobotController] AndroidManifest.xml:70:17-76
164-->[:FtcRobotController] AndroidManifest.xml:70:27-73
165
166                <action android:name="android.intent.action.BOOT_COMPLETED" />
166-->[:FtcRobotController] AndroidManifest.xml:72:17-79
166-->[:FtcRobotController] AndroidManifest.xml:72:25-76
167                <action android:name="android.intent.action.QUICKBOOT_POWERON" />
167-->[:FtcRobotController] AndroidManifest.xml:73:17-82
167-->[:FtcRobotController] AndroidManifest.xml:73:25-79
168            </intent-filter>
169        </receiver>
170
171        <activity
171-->[org.firstinspires.ftc:Blocks:10.2.0] AndroidManifest.xml:17:9-21:20
172            android:name="org.firstinspires.ftc.ftccommon.internal.ProgramAndManageActivity"
172-->[org.firstinspires.ftc:Blocks:10.2.0] AndroidManifest.xml:18:13-93
173            android:configChanges="orientation|screenSize"
173-->[org.firstinspires.ftc:Blocks:10.2.0] AndroidManifest.xml:19:13-59
174            android:label="@string/program_and_manage_activity" >
174-->[org.firstinspires.ftc:Blocks:10.2.0] AndroidManifest.xml:20:13-64
175        </activity>
176        <activity
176-->[org.firstinspires.ftc:FtcCommon:10.2.0] AndroidManifest.xml:24:9-28:47
177            android:name="com.qualcomm.ftccommon.StackTraceActivity"
177-->[org.firstinspires.ftc:FtcCommon:10.2.0] AndroidManifest.xml:25:13-69
178            android:configChanges="orientation|screenSize"
178-->[org.firstinspires.ftc:FtcCommon:10.2.0] AndroidManifest.xml:26:13-59
179            android:exported="true"
179-->[org.firstinspires.ftc:FtcCommon:10.2.0] AndroidManifest.xml:27:13-36
180            android:launchMode="singleTask" />
180-->[org.firstinspires.ftc:FtcCommon:10.2.0] AndroidManifest.xml:28:13-44
181        <activity
181-->[org.firstinspires.ftc:FtcCommon:10.2.0] AndroidManifest.xml:29:9-33:20
182            android:name="com.qualcomm.ftccommon.FtcRobotControllerSettingsActivity"
182-->[org.firstinspires.ftc:FtcCommon:10.2.0] AndroidManifest.xml:30:13-85
183            android:exported="true"
183-->[org.firstinspires.ftc:FtcCommon:10.2.0] AndroidManifest.xml:31:13-36
184            android:label="@string/settings_activity" >
184-->[org.firstinspires.ftc:FtcCommon:10.2.0] AndroidManifest.xml:32:13-54
185        </activity>
186        <activity
186-->[org.firstinspires.ftc:FtcCommon:10.2.0] AndroidManifest.xml:34:9-39:20
187            android:name="com.qualcomm.ftccommon.configuration.FtcLoadFileActivity"
187-->[org.firstinspires.ftc:FtcCommon:10.2.0] AndroidManifest.xml:35:13-84
188            android:configChanges="orientation|screenSize"
188-->[org.firstinspires.ftc:FtcCommon:10.2.0] AndroidManifest.xml:36:13-59
189            android:exported="true"
189-->[org.firstinspires.ftc:FtcCommon:10.2.0] AndroidManifest.xml:37:13-36
190            android:label="@string/configure_activity" >
190-->[org.firstinspires.ftc:FtcCommon:10.2.0] AndroidManifest.xml:38:13-55
191        </activity>
192        <activity
192-->[org.firstinspires.ftc:FtcCommon:10.2.0] AndroidManifest.xml:40:9-45:20
193            android:name="com.qualcomm.ftccommon.configuration.ConfigureFromTemplateActivity"
193-->[org.firstinspires.ftc:FtcCommon:10.2.0] AndroidManifest.xml:41:13-94
194            android:configChanges="orientation|screenSize"
194-->[org.firstinspires.ftc:FtcCommon:10.2.0] AndroidManifest.xml:42:13-59
195            android:exported="true"
195-->[org.firstinspires.ftc:FtcCommon:10.2.0] AndroidManifest.xml:43:13-36
196            android:label="@string/title_activity_configfromtemplate" >
196-->[org.firstinspires.ftc:FtcCommon:10.2.0] AndroidManifest.xml:44:13-70
197        </activity>
198        <activity
198-->[org.firstinspires.ftc:FtcCommon:10.2.0] AndroidManifest.xml:46:9-51:20
199            android:name="com.qualcomm.ftccommon.ViewLogsActivity"
199-->[org.firstinspires.ftc:FtcCommon:10.2.0] AndroidManifest.xml:47:13-67
200            android:configChanges="orientation|screenSize"
200-->[org.firstinspires.ftc:FtcCommon:10.2.0] AndroidManifest.xml:48:13-59
201            android:exported="true"
201-->[org.firstinspires.ftc:FtcCommon:10.2.0] AndroidManifest.xml:49:13-36
202            android:label="@string/view_logs_activity" >
202-->[org.firstinspires.ftc:FtcCommon:10.2.0] AndroidManifest.xml:50:13-55
203        </activity>
204        <activity
204-->[org.firstinspires.ftc:FtcCommon:10.2.0] AndroidManifest.xml:52:9-56:20
205            android:name="com.qualcomm.ftccommon.configuration.FtcConfigurationActivity"
205-->[org.firstinspires.ftc:FtcCommon:10.2.0] AndroidManifest.xml:53:13-89
206            android:configChanges="orientation|screenSize"
206-->[org.firstinspires.ftc:FtcCommon:10.2.0] AndroidManifest.xml:54:13-59
207            android:label="@string/app_name" >
207-->[org.firstinspires.ftc:FtcCommon:10.2.0] AndroidManifest.xml:55:13-45
208        </activity>
209        <activity
209-->[org.firstinspires.ftc:FtcCommon:10.2.0] AndroidManifest.xml:57:9-61:20
210            android:name="com.qualcomm.ftccommon.configuration.FtcNewFileActivity"
210-->[org.firstinspires.ftc:FtcCommon:10.2.0] AndroidManifest.xml:58:13-83
211            android:configChanges="orientation|screenSize"
211-->[org.firstinspires.ftc:FtcCommon:10.2.0] AndroidManifest.xml:59:13-59
212            android:label="@string/app_name" >
212-->[org.firstinspires.ftc:FtcCommon:10.2.0] AndroidManifest.xml:60:13-45
213        </activity>
214        <activity
214-->[org.firstinspires.ftc:FtcCommon:10.2.0] AndroidManifest.xml:62:9-66:20
215            android:name="com.qualcomm.ftccommon.FtcAdvancedRCSettingsActivity"
215-->[org.firstinspires.ftc:FtcCommon:10.2.0] AndroidManifest.xml:63:13-80
216            android:exported="true"
216-->[org.firstinspires.ftc:FtcCommon:10.2.0] AndroidManifest.xml:64:13-36
217            android:label="@string/titleAdvancedRCSettings" >
217-->[org.firstinspires.ftc:FtcCommon:10.2.0] AndroidManifest.xml:65:13-60
218        </activity>
219        <activity
219-->[org.firstinspires.ftc:FtcCommon:10.2.0] AndroidManifest.xml:67:9-70:20
220            android:name="com.qualcomm.ftccommon.FtcLynxFirmwareUpdateActivity"
220-->[org.firstinspires.ftc:FtcCommon:10.2.0] AndroidManifest.xml:68:13-80
221            android:exported="true" >
221-->[org.firstinspires.ftc:FtcCommon:10.2.0] AndroidManifest.xml:69:13-36
222        </activity>
223        <activity
223-->[org.firstinspires.ftc:FtcCommon:10.2.0] AndroidManifest.xml:71:9-74:20
224            android:name="com.qualcomm.ftccommon.FtcLynxModuleAddressUpdateActivity"
224-->[org.firstinspires.ftc:FtcCommon:10.2.0] AndroidManifest.xml:72:13-85
225            android:exported="true" >
225-->[org.firstinspires.ftc:FtcCommon:10.2.0] AndroidManifest.xml:73:13-36
226        </activity>
227        <activity
227-->[org.firstinspires.ftc:FtcCommon:10.2.0] AndroidManifest.xml:75:9-79:20
228            android:name="com.qualcomm.ftccommon.FtcWifiDirectChannelSelectorActivity"
228-->[org.firstinspires.ftc:FtcCommon:10.2.0] AndroidManifest.xml:76:13-87
229            android:exported="true"
229-->[org.firstinspires.ftc:FtcCommon:10.2.0] AndroidManifest.xml:77:13-36
230            android:label="@string/title_activity_wifi_channel_selector" >
230-->[org.firstinspires.ftc:FtcCommon:10.2.0] AndroidManifest.xml:78:13-73
231        </activity>
232        <activity
232-->[org.firstinspires.ftc:FtcCommon:10.2.0] AndroidManifest.xml:80:9-84:20
233            android:name="com.qualcomm.ftccommon.FtcWifiDirectRememberedGroupsActivity"
233-->[org.firstinspires.ftc:FtcCommon:10.2.0] AndroidManifest.xml:81:13-88
234            android:exported="true"
234-->[org.firstinspires.ftc:FtcCommon:10.2.0] AndroidManifest.xml:82:13-36
235            android:label="@string/title_activity_wifi_remembered_groups_editor" >
235-->[org.firstinspires.ftc:FtcCommon:10.2.0] AndroidManifest.xml:83:13-81
236        </activity>
237        <activity
237-->[org.firstinspires.ftc:FtcCommon:10.2.0] AndroidManifest.xml:85:9-88:20
238            android:name="com.qualcomm.ftccommon.AboutActivity"
238-->[org.firstinspires.ftc:FtcCommon:10.2.0] AndroidManifest.xml:86:13-64
239            android:label="@string/about_activity" >
239-->[org.firstinspires.ftc:FtcCommon:10.2.0] AndroidManifest.xml:87:13-51
240        </activity>
241        <activity
241-->[org.firstinspires.ftc:FtcCommon:10.2.0] AndroidManifest.xml:89:9-92:20
242            android:name="com.qualcomm.ftccommon.FtcAboutActivity"
242-->[org.firstinspires.ftc:FtcCommon:10.2.0] AndroidManifest.xml:90:13-67
243            android:label="@string/ftc_about_activity" >
243-->[org.firstinspires.ftc:FtcCommon:10.2.0] AndroidManifest.xml:91:13-55
244        </activity>
245        <activity
245-->[org.firstinspires.ftc:FtcCommon:10.2.0] AndroidManifest.xml:93:9-98:20
246            android:name="com.qualcomm.ftccommon.configuration.EditSwapUsbDevices"
246-->[org.firstinspires.ftc:FtcCommon:10.2.0] AndroidManifest.xml:94:13-83
247            android:configChanges="orientation|screenSize"
247-->[org.firstinspires.ftc:FtcCommon:10.2.0] AndroidManifest.xml:95:13-59
248            android:label="@string/edit_swap_devices_activity"
248-->[org.firstinspires.ftc:FtcCommon:10.2.0] AndroidManifest.xml:96:13-63
249            android:windowSoftInputMode="stateHidden" >
249-->[org.firstinspires.ftc:FtcCommon:10.2.0] AndroidManifest.xml:97:13-54
250        </activity>
251        <activity
251-->[org.firstinspires.ftc:FtcCommon:10.2.0] AndroidManifest.xml:99:9-104:20
252            android:name="com.qualcomm.ftccommon.configuration.EditMotorListActivity"
252-->[org.firstinspires.ftc:FtcCommon:10.2.0] AndroidManifest.xml:100:13-86
253            android:configChanges="orientation|screenSize"
253-->[org.firstinspires.ftc:FtcCommon:10.2.0] AndroidManifest.xml:101:13-59
254            android:label="@string/edit_motor_controller_activity"
254-->[org.firstinspires.ftc:FtcCommon:10.2.0] AndroidManifest.xml:102:13-67
255            android:windowSoftInputMode="stateHidden" >
255-->[org.firstinspires.ftc:FtcCommon:10.2.0] AndroidManifest.xml:103:13-54
256        </activity>
257        <activity
257-->[org.firstinspires.ftc:FtcCommon:10.2.0] AndroidManifest.xml:105:9-110:20
258            android:name="com.qualcomm.ftccommon.configuration.EditServoListActivity"
258-->[org.firstinspires.ftc:FtcCommon:10.2.0] AndroidManifest.xml:106:13-86
259            android:configChanges="orientation|screenSize"
259-->[org.firstinspires.ftc:FtcCommon:10.2.0] AndroidManifest.xml:107:13-59
260            android:label="@string/edit_servo_controller_activity"
260-->[org.firstinspires.ftc:FtcCommon:10.2.0] AndroidManifest.xml:108:13-67
261            android:windowSoftInputMode="stateHidden|adjustResize" >
261-->[org.firstinspires.ftc:FtcCommon:10.2.0] AndroidManifest.xml:109:13-67
262        </activity>
263        <activity
263-->[org.firstinspires.ftc:FtcCommon:10.2.0] AndroidManifest.xml:111:9-116:20
264            android:name="com.qualcomm.ftccommon.configuration.EditLynxModuleActivity"
264-->[org.firstinspires.ftc:FtcCommon:10.2.0] AndroidManifest.xml:112:13-87
265            android:configChanges="orientation|screenSize"
265-->[org.firstinspires.ftc:FtcCommon:10.2.0] AndroidManifest.xml:113:13-59
266            android:label="@string/edit_lynx_module_controller_activity"
266-->[org.firstinspires.ftc:FtcCommon:10.2.0] AndroidManifest.xml:114:13-73
267            android:windowSoftInputMode="stateHidden|adjustResize" >
267-->[org.firstinspires.ftc:FtcCommon:10.2.0] AndroidManifest.xml:115:13-67
268        </activity>
269        <activity
269-->[org.firstinspires.ftc:FtcCommon:10.2.0] AndroidManifest.xml:117:9-122:20
270            android:name="com.qualcomm.ftccommon.configuration.EditLynxUsbDeviceActivity"
270-->[org.firstinspires.ftc:FtcCommon:10.2.0] AndroidManifest.xml:118:13-90
271            android:configChanges="orientation|screenSize"
271-->[org.firstinspires.ftc:FtcCommon:10.2.0] AndroidManifest.xml:119:13-59
272            android:label="@string/edit_lynx_usb_device_activity"
272-->[org.firstinspires.ftc:FtcCommon:10.2.0] AndroidManifest.xml:120:13-66
273            android:windowSoftInputMode="stateHidden|adjustResize" >
273-->[org.firstinspires.ftc:FtcCommon:10.2.0] AndroidManifest.xml:121:13-67
274        </activity>
275        <activity
275-->[org.firstinspires.ftc:FtcCommon:10.2.0] AndroidManifest.xml:123:9-128:20
276            android:name="com.qualcomm.ftccommon.configuration.EditWebcamActivity"
276-->[org.firstinspires.ftc:FtcCommon:10.2.0] AndroidManifest.xml:124:13-83
277            android:configChanges="orientation|screenSize"
277-->[org.firstinspires.ftc:FtcCommon:10.2.0] AndroidManifest.xml:125:13-59
278            android:label="@string/edit_webcam_activity"
278-->[org.firstinspires.ftc:FtcCommon:10.2.0] AndroidManifest.xml:126:13-57
279            android:windowSoftInputMode="stateHidden|adjustResize" >
279-->[org.firstinspires.ftc:FtcCommon:10.2.0] AndroidManifest.xml:127:13-67
280        </activity>
281        <activity
281-->[org.firstinspires.ftc:FtcCommon:10.2.0] AndroidManifest.xml:129:9-134:20
282            android:name="com.qualcomm.ftccommon.configuration.EditPWMDevicesActivity"
282-->[org.firstinspires.ftc:FtcCommon:10.2.0] AndroidManifest.xml:130:13-87
283            android:configChanges="orientation|screenSize"
283-->[org.firstinspires.ftc:FtcCommon:10.2.0] AndroidManifest.xml:131:13-59
284            android:label="@string/edit_pwm_devices_activity"
284-->[org.firstinspires.ftc:FtcCommon:10.2.0] AndroidManifest.xml:132:13-62
285            android:windowSoftInputMode="stateHidden|adjustResize" >
285-->[org.firstinspires.ftc:FtcCommon:10.2.0] AndroidManifest.xml:133:13-67